{"level":"info","message":"Fetched all users","service":"user-service","timestamp":"2024-01-25 03:28:54"}
{"level":"info","message":"Fetched all users","service":"user-service","timestamp":"2024-01-25 03:30:47"}
{"level":"info","message":"Fetched all users","service":"user-service","timestamp":"2024-01-25 06:36:28"}
{"level":"info","message":"Fetched all users","service":"user-service","timestamp":"2024-01-25 07:17:53"}
{"level":"info","message":"Fetched all users","service":"user-service","timestamp":"2024-01-25 07:25:34"}
{"level":"info","message":"Fetched all users","service":"user-service","timestamp":"2024-01-25 08:48:18"}
{"level":"info","message":"Fetched all users","service":"user-service","timestamp":"2024-01-25 08:59:49"}
{"level":"info","message":"Fetched all users","service":"user-service","timestamp":"2024-01-25 10:57:30"}
{"level":"info","message":"Fetched all users","service":"user-service","timestamp":"2024-01-25 11:40:43"}
{"level":"info","message":"Fetched all users","service":"user-service","timestamp":"2024-01-25 11:50:16"}
{"level":"info","message":"Fetched all users","service":"user-service","timestamp":"2024-01-25 12:02:04"}
{"level":"info","message":"Fetched all users","service":"user-service","timestamp":"2024-01-25 12:50:04"}
{"level":"info","message":"Fetched all users","service":"user-service","timestamp":"2024-01-25 15:37:23"}
{"level":"info","message":"Fetched all users","service":"user-service","timestamp":"2024-01-25 15:37:23"}
{"level":"info","message":"Fetched all users","service":"user-service","timestamp":"2024-01-25 15:57:06"}
{"level":"info","message":"Fetched all users","service":"user-service","timestamp":"2024-01-25 15:57:06"}
{"level":"info","message":"Fetched all users","service":"user-service","timestamp":"2024-01-25 16:01:13"}
{"level":"info","message":"Fetched all users","service":"user-service","timestamp":"2024-01-25 16:01:13"}
{"level":"info","message":"Fetched all users","service":"user-service","timestamp":"2024-01-25 16:04:14"}
{"level":"info","message":"Fetched all users","service":"user-service","timestamp":"2024-01-25 16:04:14"}
{"level":"info","message":"Fetched all users","service":"user-service","timestamp":"2024-01-25 16:04:20"}
{"level":"info","message":"Fetched all users","service":"user-service","timestamp":"2024-01-25 16:04:20"}
{"level":"info","message":"Fetched all users","service":"user-service","timestamp":"2024-01-25 16:04:55"}
{"level":"info","message":"Fetched all users","service":"user-service","timestamp":"2024-01-25 16:04:55"}
{"level":"info","message":"Fetched all users","service":"user-service","timestamp":"2024-01-25 16:05:01"}
{"level":"info","message":"Fetched all users","service":"user-service","timestamp":"2024-01-25 16:05:01"}
{"level":"info","message":"Fetched all users","service":"user-service","timestamp":"2024-01-25 16:09:16"}
{"level":"info","message":"Fetched all users","service":"user-service","timestamp":"2024-01-25 16:09:16"}
{"level":"info","message":"Fetched all users","service":"user-service","timestamp":"2024-01-25 16:09:24"}
{"level":"info","message":"Fetched all users","service":"user-service","timestamp":"2024-01-25 16:09:25"}
{"level":"info","message":"Fetched all users","service":"user-service","timestamp":"2024-01-25 16:09:37"}
{"level":"info","message":"Fetched all users","service":"user-service","timestamp":"2024-01-25 16:09:37"}
{"level":"info","message":"Fetched all users","service":"user-service","timestamp":"2024-01-25 16:09:38"}
{"level":"info","message":"Fetched all users","service":"user-service","timestamp":"2024-01-25 16:09:38"}
{"level":"info","message":"Fetched all users","service":"user-service","timestamp":"2024-01-25 16:09:55"}
{"level":"info","message":"Fetched all users","service":"user-service","timestamp":"2024-01-25 16:09:55"}
{"level":"info","message":"Fetched all users","service":"user-service","timestamp":"2024-01-25 16:10:01"}
{"level":"info","message":"Fetched all users","service":"user-service","timestamp":"2024-01-25 16:10:01"}
{"level":"info","message":"Fetched all users","service":"user-service","timestamp":"2024-01-25 16:16:16"}
{"level":"info","message":"Fetched all users","service":"user-service","timestamp":"2024-01-25 16:17:18"}
{"level":"info","message":"Fetched all users","service":"user-service","timestamp":"2024-01-25 16:46:30"}
{"level":"info","message":"Fetched all users","service":"user-service","timestamp":"2024-01-25 16:46:30"}
{"level":"info","message":"Fetched all users","service":"user-service","timestamp":"2024-01-25 16:47:10"}
{"level":"info","message":"Fetched all users","service":"user-service","timestamp":"2024-01-25 16:47:10"}
{"level":"info","message":"Fetched all users","service":"user-service","timestamp":"2024-01-25 16:51:28"}
{"level":"info","message":"Fetched all users","service":"user-service","timestamp":"2024-01-25 16:51:28"}
{"level":"info","message":"Fetched all users","service":"user-service","timestamp":"2024-01-25 16:51:34"}
{"level":"info","message":"Fetched all users","service":"user-service","timestamp":"2024-01-25 16:51:34"}
{"level":"info","message":"Fetched all users","service":"user-service","timestamp":"2024-01-25 16:51:36"}
{"level":"info","message":"Fetched all users","service":"user-service","timestamp":"2024-01-25 16:51:36"}
{"level":"info","message":"Fetched all users","service":"user-service","timestamp":"2024-01-25 17:19:41"}
{"level":"info","message":"Fetched all users","service":"user-service","timestamp":"2024-01-25 17:19:41"}
{"level":"info","message":"Fetched all users","service":"user-service","timestamp":"2024-01-25 17:25:08"}
{"level":"info","message":"Fetched all users","service":"user-service","timestamp":"2024-01-25 17:25:08"}
{"level":"info","message":"Fetched all users","service":"user-service","timestamp":"2024-01-25 19:00:18"}
{"level":"info","message":"Fetched all users","service":"user-service","timestamp":"2024-01-25 19:00:18"}
{"level":"info","message":"Fetched all users","service":"user-service","timestamp":"2024-01-25 19:00:28"}
{"level":"info","message":"Fetched all users","service":"user-service","timestamp":"2024-01-25 19:00:28"}
{"level":"info","message":"Fetched all users","service":"user-service","timestamp":"2024-01-25 19:00:41"}
{"level":"info","message":"Fetched all users","service":"user-service","timestamp":"2024-01-25 19:00:41"}
{"level":"info","message":"Fetched all users","service":"user-service","timestamp":"2024-01-25 19:10:13"}
{"level":"info","message":"Fetched all users","service":"user-service","timestamp":"2024-01-25 19:10:13"}
{"level":"info","message":"Fetched all users","service":"user-service","timestamp":"2024-01-25 19:10:49"}
{"level":"info","message":"Fetched all users","service":"user-service","timestamp":"2024-01-25 19:10:49"}
{"level":"info","message":"Fetched all users","service":"user-service","timestamp":"2024-01-25 19:10:52"}
{"level":"info","message":"Fetched all users","service":"user-service","timestamp":"2024-01-25 19:10:52"}
{"level":"info","message":"Fetched all users","service":"user-service","timestamp":"2024-01-25 19:10:53"}
{"level":"info","message":"Fetched all users","service":"user-service","timestamp":"2024-01-25 19:10:53"}
{"level":"info","message":"Fetched all users","service":"user-service","timestamp":"2024-01-25 19:10:54"}
{"level":"info","message":"Fetched all users","service":"user-service","timestamp":"2024-01-25 19:10:54"}
{"level":"info","message":"Fetched all users","service":"user-service","timestamp":"2024-01-25 19:10:55"}
{"level":"info","message":"Fetched all users","service":"user-service","timestamp":"2024-01-25 19:10:55"}
{"level":"info","message":"Fetched all users","service":"user-service","timestamp":"2024-01-25 19:11:00"}
{"level":"info","message":"Fetched all users","service":"user-service","timestamp":"2024-01-25 19:11:00"}
{"level":"info","message":"Fetched all users","service":"user-service","timestamp":"2024-01-25 19:21:13"}
{"level":"info","message":"Fetched all users","service":"user-service","timestamp":"2024-01-25 19:21:13"}
{"level":"info","message":"Fetched all users","service":"user-service","timestamp":"2024-01-25 19:48:31"}
{"level":"info","message":"Fetched all users","service":"user-service","timestamp":"2024-01-25 19:48:31"}
{"level":"info","message":"Fetched all users","service":"user-service","timestamp":"2024-01-25 20:34:02"}
{"level":"info","message":"Fetched all users","service":"user-service","timestamp":"2024-01-25 20:34:02"}
{"level":"info","message":"Fetched all users","service":"user-service","timestamp":"2024-01-25 20:34:05"}
{"level":"info","message":"Fetched all users","service":"user-service","timestamp":"2024-01-25 20:34:05"}
{"level":"info","message":"Fetched all users","service":"user-service","timestamp":"2024-01-25 20:59:27"}
{"level":"info","message":"Fetched all users","service":"user-service","timestamp":"2024-01-25 20:59:27"}
{"level":"info","message":"Fetched all users","service":"user-service","timestamp":"2024-01-25 21:42:34"}
{"level":"info","message":"Fetched all users","service":"user-service","timestamp":"2024-01-25 21:42:34"}
{"level":"info","message":"Fetched all users","service":"user-service","timestamp":"2024-01-25 21:47:42"}
{"level":"info","message":"Fetched all users","service":"user-service","timestamp":"2024-01-25 21:47:42"}
{"level":"info","message":"Fetched all users","service":"user-service","timestamp":"2024-01-25 21:59:02"}
{"level":"info","message":"Fetched all users","service":"user-service","timestamp":"2024-01-25 21:59:02"}
{"level":"info","message":"Fetched all users","service":"user-service","timestamp":"2024-01-25 21:59:31"}
{"level":"info","message":"Fetched all users","service":"user-service","timestamp":"2024-01-25 21:59:31"}
{"level":"info","message":"Fetched all users","service":"user-service","timestamp":"2024-01-25 21:59:38"}
{"level":"info","message":"Fetched all users","service":"user-service","timestamp":"2024-01-25 21:59:39"}
{"level":"info","message":"Fetched all users","service":"user-service","timestamp":"2024-01-25 22:10:17"}
{"level":"info","message":"Fetched all users","service":"user-service","timestamp":"2024-01-25 22:10:17"}
{"level":"info","message":"Fetched all users","service":"user-service","timestamp":"2024-01-25 23:58:29"}
{"level":"info","message":"Fetched all users","service":"user-service","timestamp":"2024-01-25 23:58:29"}
{"level":"info","message":"Fetched all users","service":"user-service","timestamp":"2024-01-25 23:58:36"}
{"level":"info","message":"Fetched all users","service":"user-service","timestamp":"2024-01-25 23:58:36"}
{"level":"info","message":"Fetched all users","service":"user-service","timestamp":"2024-01-26 00:51:54"}
{"level":"info","message":"Fetched all users","service":"user-service","timestamp":"2024-01-26 00:51:54"}
{"level":"info","message":"Fetched all users","service":"user-service","timestamp":"2024-01-26 00:52:10"}
{"level":"info","message":"Fetched all users","service":"user-service","timestamp":"2024-01-26 00:52:10"}
{"level":"info","message":"Fetched all users","service":"user-service","timestamp":"2024-01-26 00:52:25"}
{"level":"info","message":"Fetched all users","service":"user-service","timestamp":"2024-01-26 00:52:25"}
{"level":"info","message":"Fetched all users","service":"user-service","timestamp":"2024-01-26 00:56:47"}
{"level":"info","message":"Fetched all users","service":"user-service","timestamp":"2024-01-26 00:57:56"}
{"level":"info","message":"Fetched all users","service":"user-service","timestamp":"2024-01-26 01:00:15"}
{"level":"info","message":"Fetched all users","service":"user-service","timestamp":"2024-01-26 01:00:23"}
{"level":"info","message":"Fetched all users","service":"user-service","timestamp":"2024-01-26 01:00:27"}
{"level":"info","message":"Fetched all users","service":"user-service","timestamp":"2024-01-26 01:01:06"}
{"level":"info","message":"Fetched all users","service":"user-service","timestamp":"2024-01-26 01:02:23"}
{"level":"info","message":"Fetched all users","service":"user-service","timestamp":"2024-01-26 01:02:23"}
{"level":"info","message":"Fetched all users","service":"user-service","timestamp":"2024-01-26 01:02:30"}
{"level":"info","message":"Fetched all users","service":"user-service","timestamp":"2024-01-26 01:02:30"}
{"level":"info","message":"Fetched all users","service":"user-service","timestamp":"2024-01-26 01:02:46"}
{"level":"info","message":"Fetched all users","service":"user-service","timestamp":"2024-01-26 01:02:46"}
{"level":"info","message":"Fetched all users","service":"user-service","timestamp":"2024-01-26 01:02:57"}
{"level":"info","message":"Fetched all users","service":"user-service","timestamp":"2024-01-26 01:03:01"}
{"level":"info","message":"Fetched all users","service":"user-service","timestamp":"2024-01-26 01:03:05"}
{"level":"info","message":"Fetched all users","service":"user-service","timestamp":"2024-01-26 01:10:45"}
{"level":"info","message":"Fetched all users","service":"user-service","timestamp":"2024-01-26 01:11:13"}
{"level":"info","message":"Fetched all users","service":"user-service","timestamp":"2024-01-26 01:12:24"}
{"level":"info","message":"Fetched all users","service":"user-service","timestamp":"2024-01-26 01:14:42"}
{"level":"info","message":"Fetched all users","service":"user-service","timestamp":"2024-01-26 01:18:22"}
{"level":"info","message":"Fetched all users","service":"user-service","timestamp":"2024-01-26 01:18:22"}
{"level":"info","message":"Fetched all users","service":"user-service","timestamp":"2024-01-26 01:19:38"}
{"level":"info","message":"Fetched all users","service":"user-service","timestamp":"2024-01-26 01:19:38"}
{"level":"info","message":"Fetched all users","service":"user-service","timestamp":"2024-01-26 06:31:07"}
{"level":"info","message":"Fetched all users","service":"user-service","timestamp":"2024-01-26 06:31:07"}
{"level":"info","message":"Fetched all users","service":"user-service","timestamp":"2024-01-26 06:31:11"}
{"level":"info","message":"Fetched all users","service":"user-service","timestamp":"2024-01-26 06:31:11"}
{"level":"info","message":"Fetched all users","service":"user-service","timestamp":"2024-01-26 06:45:40"}
{"level":"info","message":"Fetched all users","service":"user-service","timestamp":"2024-01-26 06:45:40"}
{"level":"info","message":"Fetched all users","service":"user-service","timestamp":"2024-01-26 06:49:47"}
{"level":"info","message":"Fetched all users","service":"user-service","timestamp":"2024-01-26 06:49:47"}
{"level":"info","message":"Fetched all users","service":"user-service","timestamp":"2024-01-26 06:49:57"}
{"level":"info","message":"Fetched all users","service":"user-service","timestamp":"2024-01-26 06:49:57"}
{"level":"info","message":"Fetched all users","service":"user-service","timestamp":"2024-01-26 07:41:05"}
{"level":"info","message":"Fetched all users","service":"user-service","timestamp":"2024-01-26 07:41:05"}
{"level":"info","message":"Fetched all residents","service":"user-service","timestamp":"2024-01-26 07:44:08"}
{"level":"info","message":"Fetched all users","service":"user-service","timestamp":"2024-01-26 07:53:07"}
{"level":"info","message":"Fetched all users","service":"user-service","timestamp":"2024-01-26 07:53:58"}
{"level":"info","message":"Fetched all residents","service":"user-service","timestamp":"2024-01-26 07:54:17"}
{"level":"info","message":"Fetched all residents","service":"user-service","timestamp":"2024-01-26 07:54:33"}
{"level":"info","message":"Fetched all residents","service":"user-service","timestamp":"2024-01-26 07:56:03"}
{"level":"info","message":"Fetched all residents","service":"user-service","timestamp":"2024-01-26 07:56:24"}
{"level":"info","message":"Fetched all users","service":"user-service","timestamp":"2024-01-26 08:04:35"}
{"level":"info","message":"Fetched all users","service":"user-service","timestamp":"2024-01-26 08:04:35"}
{"level":"info","message":"Fetched all users","service":"user-service","timestamp":"2024-01-26 08:05:32"}
{"level":"info","message":"Fetched all users","service":"user-service","timestamp":"2024-01-26 08:05:32"}
{"level":"info","message":"Fetched all users","service":"user-service","timestamp":"2024-01-26 08:09:24"}
{"level":"info","message":"Fetched all users","service":"user-service","timestamp":"2024-01-26 08:09:26"}
{"level":"info","message":"Fetched all users","service":"user-service","timestamp":"2024-01-26 08:15:53"}
{"level":"info","message":"Fetched all users","service":"user-service","timestamp":"2024-01-26 08:15:58"}
{"level":"info","message":"Fetched all users","service":"user-service","timestamp":"2024-01-26 08:16:01"}
{"level":"info","message":"Fetched all users","service":"user-service","timestamp":"2024-01-26 08:20:00"}
{"level":"info","message":"Fetched all users","service":"user-service","timestamp":"2024-01-26 08:20:15"}
{"level":"info","message":"Fetched all users","service":"user-service","timestamp":"2024-01-26 08:20:20"}
{"level":"info","message":"Fetched all users","service":"user-service","timestamp":"2024-01-26 08:20:22"}
{"level":"info","message":"Fetched all users","service":"user-service","timestamp":"2024-01-26 08:20:22"}
{"level":"info","message":"Fetched all users","service":"user-service","timestamp":"2024-01-26 08:20:28"}
{"level":"info","message":"Fetched all users","service":"user-service","timestamp":"2024-01-26 08:20:28"}
{"level":"info","message":"Fetched all users","service":"user-service","timestamp":"2024-01-26 08:21:35"}
{"level":"info","message":"Fetched all users","service":"user-service","timestamp":"2024-01-26 08:21:35"}
{"level":"info","message":"Fetched all users","service":"user-service","timestamp":"2024-01-26 08:21:40"}
{"level":"info","message":"Fetched all users","service":"user-service","timestamp":"2024-01-26 08:21:55"}
{"level":"info","message":"Fetched all users","service":"user-service","timestamp":"2024-01-26 08:21:55"}
{"level":"info","message":"Fetched all users","service":"user-service","timestamp":"2024-01-26 08:22:24"}
{"level":"info","message":"Fetched all users","service":"user-service","timestamp":"2024-01-26 08:22:24"}
{"level":"info","message":"Fetched all users","service":"user-service","timestamp":"2024-01-26 08:26:29"}
{"level":"info","message":"Fetched all users","service":"user-service","timestamp":"2024-01-26 08:26:29"}
{"level":"info","message":"Fetched all users","service":"user-service","timestamp":"2024-01-26 08:26:34"}
{"level":"info","message":"Fetched all users","service":"user-service","timestamp":"2024-01-26 08:28:13"}
{"level":"info","message":"Fetched all users","service":"user-service","timestamp":"2024-01-26 08:28:50"}
{"level":"info","message":"Fetched all users","service":"user-service","timestamp":"2024-01-26 08:28:52"}
{"level":"info","message":"Fetched all users","service":"user-service","timestamp":"2024-01-26 08:55:30"}
{"level":"info","message":"Fetched all users","service":"user-service","timestamp":"2024-01-26 08:55:30"}
{"level":"info","message":"Fetched all users","service":"user-service","timestamp":"2024-01-26 08:57:37"}
{"level":"info","message":"Fetched all users","service":"user-service","timestamp":"2024-01-26 08:57:37"}
{"level":"info","message":"Fetched all users","service":"user-service","timestamp":"2024-01-26 08:58:06"}
{"level":"info","message":"Fetched all users","service":"user-service","timestamp":"2024-01-26 08:58:06"}
{"level":"info","message":"Fetched all users","service":"user-service","timestamp":"2024-01-26 08:58:11"}
{"level":"info","message":"Fetched all users","service":"user-service","timestamp":"2024-01-26 08:58:33"}
{"level":"info","message":"Fetched all users","service":"user-service","timestamp":"2024-01-26 08:58:33"}
{"level":"info","message":"Fetched all users","service":"user-service","timestamp":"2024-01-26 08:58:52"}
{"level":"info","message":"Fetched all users","service":"user-service","timestamp":"2024-01-26 08:58:52"}
{"level":"info","message":"Fetched all users","service":"user-service","timestamp":"2024-01-26 09:00:17"}
{"level":"info","message":"Fetched all users","service":"user-service","timestamp":"2024-01-26 09:00:17"}
{"level":"info","message":"Fetched all users","service":"user-service","timestamp":"2024-01-26 09:02:20"}
{"level":"info","message":"Fetched all users","service":"user-service","timestamp":"2024-01-26 09:02:20"}
{"level":"info","message":"Fetched all residents","service":"user-service","timestamp":"2024-01-26 09:02:22"}
{"level":"info","message":"Fetched all residents","service":"user-service","timestamp":"2024-01-26 09:02:22"}
{"level":"info","message":"Fetched all residents","service":"user-service","timestamp":"2024-01-26 09:09:48"}
{"level":"info","message":"Fetched all residents","service":"user-service","timestamp":"2024-01-26 09:09:48"}
{"level":"info","message":"Fetched all residents","service":"user-service","timestamp":"2024-01-26 09:09:55"}
{"level":"info","message":"Fetched all residents","service":"user-service","timestamp":"2024-01-26 09:09:55"}
{"level":"info","message":"Fetched all residents","service":"user-service","timestamp":"2024-01-26 09:11:16"}
{"level":"info","message":"Fetched all residents","service":"user-service","timestamp":"2024-01-26 09:11:16"}
{"level":"info","message":"Fetched all residents","service":"user-service","timestamp":"2024-01-26 09:11:49"}
{"level":"info","message":"Fetched all residents","service":"user-service","timestamp":"2024-01-26 09:11:49"}
{"level":"info","message":"Fetched all residents","service":"user-service","timestamp":"2024-01-26 09:15:58"}
{"level":"info","message":"Fetched all residents","service":"user-service","timestamp":"2024-01-26 09:15:58"}
{"level":"info","message":"Fetched all residents","service":"user-service","timestamp":"2024-01-26 09:24:52"}
{"level":"info","message":"Fetched all residents","service":"user-service","timestamp":"2024-01-26 09:24:52"}
{"level":"info","message":"Fetched all residents","service":"user-service","timestamp":"2024-01-26 09:26:14"}
{"level":"info","message":"Fetched all residents","service":"user-service","timestamp":"2024-01-26 09:26:14"}
{"level":"info","message":"Fetched all residents","service":"user-service","timestamp":"2024-01-26 09:26:32"}
{"level":"info","message":"Fetched all residents","service":"user-service","timestamp":"2024-01-26 09:26:32"}
{"level":"info","message":"Fetched all residents","service":"user-service","timestamp":"2024-01-26 09:26:47"}
{"level":"info","message":"Fetched all residents","service":"user-service","timestamp":"2024-01-26 09:34:05"}
{"level":"info","message":"Fetched all residents","service":"user-service","timestamp":"2024-01-26 09:34:05"}
{"level":"info","message":"Fetched all residents","service":"user-service","timestamp":"2024-01-26 09:36:35"}
{"level":"info","message":"Fetched all residents","service":"user-service","timestamp":"2024-01-26 09:36:35"}
{"level":"info","message":"Fetched all residents","service":"user-service","timestamp":"2024-01-26 09:36:40"}
{"level":"info","message":"Fetched all residents","service":"user-service","timestamp":"2024-01-26 09:36:40"}
{"level":"info","message":"Fetched all residents","service":"user-service","timestamp":"2024-01-26 09:36:45"}
{"level":"info","message":"Fetched all residents","service":"user-service","timestamp":"2024-01-26 09:36:45"}
{"level":"info","message":"Fetched all residents","service":"user-service","timestamp":"2024-01-26 09:36:49"}
{"level":"info","message":"Fetched all residents","service":"user-service","timestamp":"2024-01-26 09:36:49"}
{"level":"info","message":"Fetched all residents","service":"user-service","timestamp":"2024-01-26 09:36:54"}
{"level":"info","message":"Fetched all residents","service":"user-service","timestamp":"2024-01-26 09:36:54"}
{"level":"info","message":"Fetched all residents","service":"user-service","timestamp":"2024-01-26 09:37:00"}
{"level":"info","message":"Fetched all residents","service":"user-service","timestamp":"2024-01-26 09:37:00"}
{"level":"info","message":"Fetched all residents","service":"user-service","timestamp":"2024-01-26 09:37:04"}
{"level":"info","message":"Fetched all residents","service":"user-service","timestamp":"2024-01-26 09:37:04"}
{"level":"info","message":"Fetched all residents","service":"user-service","timestamp":"2024-01-26 09:37:08"}
{"level":"info","message":"Fetched all residents","service":"user-service","timestamp":"2024-01-26 09:37:08"}
{"level":"info","message":"Fetched all residents","service":"user-service","timestamp":"2024-01-26 09:39:36"}
{"level":"info","message":"Fetched all residents","service":"user-service","timestamp":"2024-01-26 09:39:36"}
{"level":"info","message":"Fetched all residents","service":"user-service","timestamp":"2024-01-26 09:39:59"}
{"level":"info","message":"Fetched all residents","service":"user-service","timestamp":"2024-01-26 09:40:20"}
{"level":"info","message":"Fetched all residents","service":"user-service","timestamp":"2024-01-26 09:40:40"}
{"level":"info","message":"Fetched all residents","service":"user-service","timestamp":"2024-01-26 09:41:04"}
{"level":"info","message":"Fetched all residents","service":"user-service","timestamp":"2024-01-26 09:43:19"}
{"level":"info","message":"Fetched all residents","service":"user-service","timestamp":"2024-01-26 09:43:19"}
{"level":"info","message":"Fetched all residents","service":"user-service","timestamp":"2024-01-26 09:43:30"}
{"level":"info","message":"Fetched all residents","service":"user-service","timestamp":"2024-01-26 09:43:30"}
{"level":"info","message":"Fetched all residents","service":"user-service","timestamp":"2024-01-26 09:43:34"}
{"level":"info","message":"Fetched all residents","service":"user-service","timestamp":"2024-01-26 09:43:37"}
{"level":"info","message":"Fetched all residents","service":"user-service","timestamp":"2024-01-26 09:43:41"}
{"level":"info","message":"Fetched all residents","service":"user-service","timestamp":"2024-01-26 09:43:41"}
{"level":"info","message":"Fetched all residents","service":"user-service","timestamp":"2024-01-26 09:43:41"}
{"level":"info","message":"Fetched all residents","service":"user-service","timestamp":"2024-01-26 09:43:41"}
{"level":"info","message":"Fetched all residents","service":"user-service","timestamp":"2024-01-26 09:43:46"}
{"level":"info","message":"Fetched all residents","service":"user-service","timestamp":"2024-01-26 09:54:19"}
{"level":"info","message":"Fetched all residents","service":"user-service","timestamp":"2024-01-26 09:54:19"}
{"level":"info","message":"Fetched all barangay officials","service":"user-service","timestamp":"2024-01-26 10:20:26"}
{"level":"info","message":"Fetched all barangay officials","service":"user-service","timestamp":"2024-01-26 10:21:13"}
{"level":"info","message":"Fetched all users","service":"user-service","timestamp":"2024-01-26 10:53:00"}
{"level":"info","message":"Fetched all users","service":"user-service","timestamp":"2024-01-26 10:53:00"}
{"level":"info","message":"Fetched all users","service":"user-service","timestamp":"2024-01-26 10:53:07"}
{"level":"info","message":"Fetched all users","service":"user-service","timestamp":"2024-01-26 10:53:07"}
{"level":"info","message":"Fetched all users","service":"user-service","timestamp":"2024-01-26 10:53:12"}
{"level":"info","message":"Fetched all users","service":"user-service","timestamp":"2024-01-26 10:53:12"}
{"level":"info","message":"Fetched all users","service":"user-service","timestamp":"2024-01-26 10:53:17"}
{"level":"info","message":"Fetched all users","service":"user-service","timestamp":"2024-01-26 10:53:17"}
{"level":"info","message":"Fetched all users","service":"user-service","timestamp":"2024-01-26 10:53:24"}
{"level":"info","message":"Fetched all users","service":"user-service","timestamp":"2024-01-26 10:53:26"}
{"level":"info","message":"Fetched all users","service":"user-service","timestamp":"2024-01-26 10:53:31"}
{"level":"info","message":"Fetched all users","service":"user-service","timestamp":"2024-01-26 10:53:31"}
{"level":"info","message":"Fetched all users","service":"user-service","timestamp":"2024-01-26 10:53:36"}
{"level":"info","message":"Fetched all users","service":"user-service","timestamp":"2024-01-26 10:53:36"}
{"level":"info","message":"Fetched all users","service":"user-service","timestamp":"2024-01-26 10:53:40"}
{"level":"info","message":"Fetched all users","service":"user-service","timestamp":"2024-01-26 10:53:40"}
{"level":"info","message":"Fetched all users","service":"user-service","timestamp":"2024-01-26 10:53:44"}
{"level":"info","message":"Fetched all users","service":"user-service","timestamp":"2024-01-26 10:53:44"}
{"level":"info","message":"Fetched all users","service":"user-service","timestamp":"2024-01-26 10:53:48"}
{"level":"info","message":"Fetched all users","service":"user-service","timestamp":"2024-01-26 10:53:48"}
{"level":"info","message":"Fetched all users","service":"user-service","timestamp":"2024-01-26 10:53:52"}
{"level":"info","message":"Fetched all users","service":"user-service","timestamp":"2024-01-26 10:53:52"}
{"level":"info","message":"Fetched all residents","service":"user-service","timestamp":"2024-01-26 10:53:54"}
{"level":"info","message":"Fetched all residents","service":"user-service","timestamp":"2024-01-26 10:53:54"}
{"level":"info","message":"Fetched all residents","service":"user-service","timestamp":"2024-01-26 10:57:51"}
{"level":"info","message":"Fetched all residents","service":"user-service","timestamp":"2024-01-26 11:08:14"}
{"level":"info","message":"Fetched all residents","service":"user-service","timestamp":"2024-01-26 11:08:14"}
{"level":"info","message":"Fetched all residents","service":"user-service","timestamp":"2024-01-26 11:08:17"}
{"level":"info","message":"Fetched all residents","service":"user-service","timestamp":"2024-01-26 11:08:17"}
{"level":"info","message":"Fetched all barangay officials","service":"user-service","timestamp":"2024-01-26 11:08:18"}
{"level":"info","message":"Fetched all barangay officials","service":"user-service","timestamp":"2024-01-26 11:08:18"}
{"level":"info","message":"Fetched all barangay officials","service":"user-service","timestamp":"2024-01-26 11:14:12"}
{"level":"info","message":"Fetched all barangay officials","service":"user-service","timestamp":"2024-01-26 11:14:12"}
{"level":"info","message":"Fetched all barangay officials","service":"user-service","timestamp":"2024-01-26 11:15:51"}
{"level":"info","message":"Fetched all barangay officials","service":"user-service","timestamp":"2024-01-26 11:15:51"}
{"level":"info","message":"Fetched all barangay officials","service":"user-service","timestamp":"2024-01-26 11:16:02"}
{"level":"info","message":"Fetched all barangay officials","service":"user-service","timestamp":"2024-01-26 11:16:02"}
{"level":"info","message":"Fetched all barangay officials","service":"user-service","timestamp":"2024-01-26 11:16:07"}
{"level":"info","message":"Fetched all barangay officials","service":"user-service","timestamp":"2024-01-26 11:24:05"}
{"level":"info","message":"Fetched all barangay officials","service":"user-service","timestamp":"2024-01-26 11:24:05"}
{"level":"info","message":"Fetched all barangay officials","service":"user-service","timestamp":"2024-01-26 11:26:08"}
{"level":"info","message":"Fetched all barangay officials","service":"user-service","timestamp":"2024-01-26 11:26:08"}
{"level":"info","message":"Fetched all barangay officials","service":"user-service","timestamp":"2024-01-26 11:26:14"}
{"level":"info","message":"Fetched all barangay officials","service":"user-service","timestamp":"2024-01-26 11:26:14"}
{"level":"info","message":"Fetched all barangay officials","service":"user-service","timestamp":"2024-01-26 11:26:32"}
{"level":"info","message":"Fetched all barangay officials","service":"user-service","timestamp":"2024-01-26 11:26:32"}
{"level":"info","message":"Fetched all barangay officials","service":"user-service","timestamp":"2024-01-26 11:26:41"}
{"level":"info","message":"Fetched all barangay officials","service":"user-service","timestamp":"2024-01-26 11:26:41"}
{"level":"info","message":"Fetched all barangay officials","service":"user-service","timestamp":"2024-01-26 11:26:45"}
{"level":"info","message":"Fetched all barangay officials","service":"user-service","timestamp":"2024-01-26 11:26:45"}
{"level":"info","message":"Fetched all barangay officials","service":"user-service","timestamp":"2024-01-26 11:26:48"}
{"level":"info","message":"Fetched all barangay officials","service":"user-service","timestamp":"2024-01-26 11:26:48"}
{"level":"info","message":"Fetched all barangay officials","service":"user-service","timestamp":"2024-01-26 11:26:52"}
{"level":"info","message":"Fetched all barangay officials","service":"user-service","timestamp":"2024-01-26 11:26:52"}
{"level":"info","message":"Fetched all barangay officials","service":"user-service","timestamp":"2024-01-26 11:26:55"}
{"level":"info","message":"Fetched all barangay officials","service":"user-service","timestamp":"2024-01-26 11:26:55"}
{"level":"info","message":"Fetched all users","service":"user-service","timestamp":"2024-01-26 11:28:50"}
{"level":"info","message":"Fetched all users","service":"user-service","timestamp":"2024-01-26 11:28:50"}
{"level":"info","message":"Fetched all barangay projects","service":"user-service","timestamp":"2024-01-26 11:46:19"}
{"level":"info","message":"Fetched all barangay projects","service":"user-service","timestamp":"2024-01-26 12:18:53"}
{"level":"info","message":"Fetched all barangay projects","service":"user-service","timestamp":"2024-01-26 12:18:53"}
{"level":"info","message":"Fetched all barangay projects","service":"user-service","timestamp":"2024-01-26 12:18:59"}
{"level":"info","message":"Fetched all barangay projects","service":"user-service","timestamp":"2024-01-26 12:18:59"}
{"level":"info","message":"Fetched all barangay projects","service":"user-service","timestamp":"2024-01-26 12:19:04"}
{"level":"info","message":"Fetched all barangay projects","service":"user-service","timestamp":"2024-01-26 12:19:04"}
{"level":"info","message":"Fetched all barangay projects","service":"user-service","timestamp":"2024-01-26 12:19:08"}
{"level":"info","message":"Fetched all barangay projects","service":"user-service","timestamp":"2024-01-26 12:19:08"}
{"level":"info","message":"Fetched all barangay projects","service":"user-service","timestamp":"2024-01-26 12:19:18"}
{"level":"info","message":"Fetched all barangay projects","service":"user-service","timestamp":"2024-01-26 12:19:18"}
{"level":"info","message":"Fetched all barangay projects","service":"user-service","timestamp":"2024-01-26 12:19:23"}
{"level":"info","message":"Fetched all barangay projects","service":"user-service","timestamp":"2024-01-26 12:19:23"}
{"level":"info","message":"Fetched all barangay projects","service":"user-service","timestamp":"2024-01-26 12:19:50"}
{"level":"info","message":"Fetched all barangay projects","service":"user-service","timestamp":"2024-01-26 12:19:50"}
{"level":"info","message":"Fetched all barangay projects","service":"user-service","timestamp":"2024-01-26 12:19:55"}
{"level":"info","message":"Fetched all users","service":"user-service","timestamp":"2024-01-26 12:20:01"}
{"level":"info","message":"Fetched all users","service":"user-service","timestamp":"2024-01-26 12:20:01"}
{"level":"info","message":"Fetched all barangay projects","service":"user-service","timestamp":"2024-01-26 12:20:03"}
{"level":"info","message":"Fetched all barangay projects","service":"user-service","timestamp":"2024-01-26 12:20:03"}
{"level":"info","message":"Fetched all barangay officials","service":"user-service","timestamp":"2024-01-26 12:20:05"}
{"level":"info","message":"Fetched all barangay officials","service":"user-service","timestamp":"2024-01-26 12:20:05"}
{"level":"info","message":"Fetched all residents","service":"user-service","timestamp":"2024-01-26 12:20:06"}
{"level":"info","message":"Fetched all residents","service":"user-service","timestamp":"2024-01-26 12:20:06"}
{"level":"info","message":"Fetched all barangay events","service":"user-service","timestamp":"2024-01-26 13:12:29"}
{"level":"info","message":"Fetched all residents","service":"user-service","timestamp":"2024-01-26 13:15:33"}
{"level":"info","message":"Fetched all residents","service":"user-service","timestamp":"2024-01-26 13:26:48"}
{"level":"info","message":"Fetched all residents","service":"user-service","timestamp":"2024-01-26 13:26:48"}
{"level":"info","message":"Fetched all residents","service":"user-service","timestamp":"2024-01-26 13:28:03"}
{"level":"info","message":"Fetched all residents","service":"user-service","timestamp":"2024-01-26 13:28:03"}
{"level":"info","message":"Fetched all barangay events","service":"user-service","timestamp":"2024-01-26 13:28:04"}
{"level":"info","message":"Fetched all barangay events","service":"user-service","timestamp":"2024-01-26 13:28:04"}
{"level":"info","message":"Fetched all barangay events","service":"user-service","timestamp":"2024-01-26 13:42:29"}
{"level":"info","message":"Fetched all barangay events","service":"user-service","timestamp":"2024-01-26 13:42:29"}
{"level":"info","message":"Fetched all barangay events","service":"user-service","timestamp":"2024-01-26 13:42:36"}
{"level":"info","message":"Fetched all barangay events","service":"user-service","timestamp":"2024-01-26 13:42:36"}
{"level":"info","message":"Fetched all barangay events","service":"user-service","timestamp":"2024-01-26 13:42:40"}
{"level":"info","message":"Fetched all barangay events","service":"user-service","timestamp":"2024-01-26 13:42:41"}
{"level":"info","message":"Fetched all barangay events","service":"user-service","timestamp":"2024-01-26 13:42:45"}
{"level":"info","message":"Fetched all barangay events","service":"user-service","timestamp":"2024-01-26 13:42:45"}
{"level":"info","message":"Fetched all barangay events","service":"user-service","timestamp":"2024-01-26 13:42:50"}
{"level":"info","message":"Fetched all barangay events","service":"user-service","timestamp":"2024-01-26 13:42:50"}
{"level":"info","message":"Fetched all barangay events","service":"user-service","timestamp":"2024-01-26 13:42:53"}
{"level":"info","message":"Fetched all barangay events","service":"user-service","timestamp":"2024-01-26 13:43:05"}
{"level":"info","message":"Fetched all barangay events","service":"user-service","timestamp":"2024-01-26 13:43:06"}
{"level":"info","message":"Fetched all barangay events","service":"user-service","timestamp":"2024-01-26 13:43:10"}
{"level":"info","message":"Fetched all users","service":"user-service","timestamp":"2024-01-26 13:45:12"}
{"level":"info","message":"Fetched all users","service":"user-service","timestamp":"2024-01-26 13:45:12"}
{"level":"info","message":"Fetched all residents","service":"user-service","timestamp":"2024-01-26 13:45:13"}
{"level":"info","message":"Fetched all residents","service":"user-service","timestamp":"2024-01-26 13:45:13"}
{"level":"info","message":"Fetched all barangay officials","service":"user-service","timestamp":"2024-01-26 13:45:14"}
{"level":"info","message":"Fetched all barangay officials","service":"user-service","timestamp":"2024-01-26 13:45:14"}
{"level":"info","message":"Fetched all barangay projects","service":"user-service","timestamp":"2024-01-26 13:45:16"}
{"level":"info","message":"Fetched all barangay projects","service":"user-service","timestamp":"2024-01-26 13:45:16"}
{"level":"info","message":"Fetched all barangay events","service":"user-service","timestamp":"2024-01-26 13:45:17"}
{"level":"info","message":"Fetched all barangay events","service":"user-service","timestamp":"2024-01-26 13:45:17"}
{"level":"info","message":"Fetched all users","service":"user-service","timestamp":"2024-01-26 13:45:22"}
{"level":"info","message":"Fetched all users","service":"user-service","timestamp":"2024-01-26 13:45:22"}
{"level":"info","message":"Fetched all users","service":"user-service","timestamp":"2024-01-26 13:45:34"}
{"level":"info","message":"Fetched all users","service":"user-service","timestamp":"2024-01-26 13:45:34"}
{"level":"info","message":"Fetched all residents","service":"user-service","timestamp":"2024-01-26 13:45:35"}
{"level":"info","message":"Fetched all residents","service":"user-service","timestamp":"2024-01-26 13:45:35"}
{"level":"info","message":"Fetched all barangay officials","service":"user-service","timestamp":"2024-01-26 13:45:45"}
{"level":"info","message":"Fetched all barangay officials","service":"user-service","timestamp":"2024-01-26 13:45:45"}
{"level":"info","message":"Fetched all barangay projects","service":"user-service","timestamp":"2024-01-26 13:45:46"}
{"level":"info","message":"Fetched all barangay projects","service":"user-service","timestamp":"2024-01-26 13:45:46"}
{"level":"info","message":"Fetched all barangay events","service":"user-service","timestamp":"2024-01-26 13:45:46"}
{"level":"info","message":"Fetched all barangay events","service":"user-service","timestamp":"2024-01-26 13:45:46"}
{"level":"info","message":"Fetched all users","service":"user-service","timestamp":"2024-01-26 14:34:10"}
{"level":"info","message":"Fetched all users","service":"user-service","timestamp":"2024-01-26 14:34:10"}
{"level":"info","message":"Fetched all residents","service":"user-service","timestamp":"2024-01-26 14:34:12"}
{"level":"info","message":"Fetched all residents","service":"user-service","timestamp":"2024-01-26 14:34:12"}
{"level":"info","message":"Fetched all barangay officials","service":"user-service","timestamp":"2024-01-26 14:34:13"}
{"level":"info","message":"Fetched all barangay officials","service":"user-service","timestamp":"2024-01-26 14:34:13"}
{"level":"info","message":"Fetched all barangay projects","service":"user-service","timestamp":"2024-01-26 14:34:14"}
{"level":"info","message":"Fetched all barangay projects","service":"user-service","timestamp":"2024-01-26 14:34:14"}
{"level":"info","message":"Fetched all barangay events","service":"user-service","timestamp":"2024-01-26 14:34:15"}
{"level":"info","message":"Fetched all barangay events","service":"user-service","timestamp":"2024-01-26 14:34:15"}
{"level":"info","message":"Fetched all users","service":"user-service","timestamp":"2024-01-26 14:34:46"}
{"level":"info","message":"Fetched all users","service":"user-service","timestamp":"2024-01-26 14:34:46"}
{"level":"info","message":"Fetched all residents","service":"user-service","timestamp":"2024-01-26 14:34:47"}
{"level":"info","message":"Fetched all residents","service":"user-service","timestamp":"2024-01-26 14:34:47"}
{"level":"info","message":"Fetched all barangay officials","service":"user-service","timestamp":"2024-01-26 14:34:47"}
{"level":"info","message":"Fetched all barangay officials","service":"user-service","timestamp":"2024-01-26 14:34:47"}
{"level":"info","message":"Fetched all barangay projects","service":"user-service","timestamp":"2024-01-26 14:34:48"}
{"level":"info","message":"Fetched all barangay projects","service":"user-service","timestamp":"2024-01-26 14:34:48"}
{"level":"info","message":"Fetched all barangay events","service":"user-service","timestamp":"2024-01-26 14:34:48"}
{"level":"info","message":"Fetched all barangay events","service":"user-service","timestamp":"2024-01-26 14:34:48"}
{"level":"info","message":"Fetched all users","service":"user-service","timestamp":"2024-01-26 14:41:20"}
{"level":"info","message":"Fetched all users","service":"user-service","timestamp":"2024-01-26 14:41:20"}
{"level":"info","message":"Fetched all residents","service":"user-service","timestamp":"2024-01-26 14:41:25"}
{"level":"info","message":"Fetched all residents","service":"user-service","timestamp":"2024-01-26 14:41:25"}
{"level":"info","message":"Fetched all barangay officials","service":"user-service","timestamp":"2024-01-26 14:41:25"}
{"level":"info","message":"Fetched all barangay officials","service":"user-service","timestamp":"2024-01-26 14:41:25"}
{"level":"info","message":"Fetched all barangay projects","service":"user-service","timestamp":"2024-01-26 14:41:26"}
{"level":"info","message":"Fetched all barangay projects","service":"user-service","timestamp":"2024-01-26 14:41:26"}
{"level":"info","message":"Fetched all barangay events","service":"user-service","timestamp":"2024-01-26 14:41:26"}
{"level":"info","message":"Fetched all barangay events","service":"user-service","timestamp":"2024-01-26 14:41:26"}
{"level":"info","message":"Fetched all barangay projects","service":"user-service","timestamp":"2024-01-26 14:41:27"}
{"level":"info","message":"Fetched all barangay projects","service":"user-service","timestamp":"2024-01-26 14:41:27"}
{"level":"info","message":"Fetched all barangay officials","service":"user-service","timestamp":"2024-01-26 14:41:28"}
{"level":"info","message":"Fetched all barangay officials","service":"user-service","timestamp":"2024-01-26 14:41:28"}
{"level":"info","message":"Fetched all residents","service":"user-service","timestamp":"2024-01-26 14:41:28"}
{"level":"info","message":"Fetched all residents","service":"user-service","timestamp":"2024-01-26 14:41:28"}
{"level":"info","message":"Fetched all users","service":"user-service","timestamp":"2024-01-26 14:41:28"}
{"level":"info","message":"Fetched all users","service":"user-service","timestamp":"2024-01-26 14:41:29"}
{"level":"info","message":"Fetched all users","service":"user-service","timestamp":"2024-01-26 14:42:23"}
{"level":"info","message":"Fetched all users","service":"user-service","timestamp":"2024-01-26 14:42:23"}
{"level":"info","message":"Fetched all residents","service":"user-service","timestamp":"2024-01-26 14:42:25"}
{"level":"info","message":"Fetched all residents","service":"user-service","timestamp":"2024-01-26 14:42:25"}
{"level":"info","message":"Fetched all barangay officials","service":"user-service","timestamp":"2024-01-26 14:42:25"}
{"level":"info","message":"Fetched all barangay officials","service":"user-service","timestamp":"2024-01-26 14:42:25"}
{"level":"info","message":"Fetched all barangay projects","service":"user-service","timestamp":"2024-01-26 14:42:26"}
{"level":"info","message":"Fetched all barangay projects","service":"user-service","timestamp":"2024-01-26 14:42:26"}
{"level":"info","message":"Fetched all barangay events","service":"user-service","timestamp":"2024-01-26 14:42:26"}
{"level":"info","message":"Fetched all barangay events","service":"user-service","timestamp":"2024-01-26 14:42:26"}
{"level":"info","message":"Fetched all users","service":"user-service","timestamp":"2024-01-26 14:43:32"}
{"level":"info","message":"Fetched all users","service":"user-service","timestamp":"2024-01-26 14:43:32"}
{"level":"info","message":"Fetched all barangay officials","service":"user-service","timestamp":"2024-01-26 14:43:48"}
{"level":"info","message":"Fetched all barangay officials","service":"user-service","timestamp":"2024-01-26 14:43:48"}
{"level":"info","message":"Fetched all barangay events","service":"user-service","timestamp":"2024-01-26 14:43:53"}
{"level":"info","message":"Fetched all barangay events","service":"user-service","timestamp":"2024-01-26 14:43:53"}
{"level":"info","message":"Fetched all barangay officials","service":"user-service","timestamp":"2024-01-26 14:43:58"}
{"level":"info","message":"Fetched all barangay officials","service":"user-service","timestamp":"2024-01-26 14:43:58"}
{"level":"info","message":"Fetched all residents","service":"user-service","timestamp":"2024-01-26 14:43:59"}
{"level":"info","message":"Fetched all residents","service":"user-service","timestamp":"2024-01-26 14:43:59"}
{"level":"info","message":"Fetched all users","service":"user-service","timestamp":"2024-01-26 14:44:00"}
{"level":"info","message":"Fetched all users","service":"user-service","timestamp":"2024-01-26 14:44:00"}
{"level":"info","message":"Fetched all barangay events","service":"user-service","timestamp":"2024-01-26 14:44:02"}
{"level":"info","message":"Fetched all barangay events","service":"user-service","timestamp":"2024-01-26 14:44:02"}
{"level":"info","message":"Fetched all users","service":"user-service","timestamp":"2024-01-26 14:44:03"}
{"level":"info","message":"Fetched all users","service":"user-service","timestamp":"2024-01-26 14:44:03"}
{"level":"info","message":"Fetched all users","service":"user-service","timestamp":"2024-01-26 14:58:50"}
{"level":"info","message":"Fetched all users","service":"user-service","timestamp":"2024-01-26 14:58:57"}
{"level":"info","message":"Fetched all users","service":"user-service","timestamp":"2024-01-26 15:00:31"}
{"level":"info","message":"Fetched all users","service":"user-service","timestamp":"2024-01-26 15:00:31"}
{"level":"info","message":"Fetched all residents","service":"user-service","timestamp":"2024-01-26 15:00:32"}
{"level":"info","message":"Fetched all residents","service":"user-service","timestamp":"2024-01-26 15:00:32"}
{"level":"info","message":"Fetched all users","service":"user-service","timestamp":"2024-01-26 15:00:34"}
{"level":"info","message":"Fetched all users","service":"user-service","timestamp":"2024-01-26 15:00:34"}
{"level":"info","message":"Fetched all users","service":"user-service","timestamp":"2024-01-26 15:00:38"}
{"level":"info","message":"Fetched all users","service":"user-service","timestamp":"2024-01-26 15:00:38"}
{"level":"info","message":"Fetched all residents","service":"user-service","timestamp":"2024-01-26 15:00:54"}
{"level":"info","message":"Fetched all residents","service":"user-service","timestamp":"2024-01-26 15:00:54"}
{"level":"info","message":"Fetched all users","service":"user-service","timestamp":"2024-01-26 15:00:55"}
{"level":"info","message":"Fetched all users","service":"user-service","timestamp":"2024-01-26 15:00:55"}
{"level":"info","message":"Fetched all users","service":"user-service","timestamp":"2024-01-26 15:01:54"}
{"level":"info","message":"Fetched all users","service":"user-service","timestamp":"2024-01-26 15:01:54"}
{"level":"info","message":"Fetched all users","service":"user-service","timestamp":"2024-01-26 15:02:27"}
{"level":"info","message":"Fetched all users","service":"user-service","timestamp":"2024-01-26 15:02:27"}
{"level":"info","message":"Fetched all users","service":"user-service","timestamp":"2024-01-26 15:02:51"}
{"level":"info","message":"Fetched all users","service":"user-service","timestamp":"2024-01-26 15:02:52"}
{"level":"info","message":"Fetched all users","service":"user-service","timestamp":"2024-01-26 15:02:54"}
{"level":"info","message":"Fetched all users","service":"user-service","timestamp":"2024-01-26 15:02:54"}
{"level":"info","message":"Fetched all residents","service":"user-service","timestamp":"2024-01-26 15:02:55"}
{"level":"info","message":"Fetched all residents","service":"user-service","timestamp":"2024-01-26 15:02:55"}
{"level":"info","message":"Fetched all barangay officials","service":"user-service","timestamp":"2024-01-26 15:02:56"}
{"level":"info","message":"Fetched all barangay officials","service":"user-service","timestamp":"2024-01-26 15:02:56"}
{"level":"info","message":"Fetched all barangay projects","service":"user-service","timestamp":"2024-01-26 15:02:56"}
{"level":"info","message":"Fetched all barangay projects","service":"user-service","timestamp":"2024-01-26 15:02:56"}
{"level":"info","message":"Fetched all barangay events","service":"user-service","timestamp":"2024-01-26 15:02:57"}
{"level":"info","message":"Fetched all barangay events","service":"user-service","timestamp":"2024-01-26 15:02:57"}
{"level":"info","message":"Fetched all users","service":"user-service","timestamp":"2024-01-26 15:02:58"}
{"level":"info","message":"Fetched all users","service":"user-service","timestamp":"2024-01-26 15:02:58"}
{"level":"info","message":"Fetched all residents","service":"user-service","timestamp":"2024-01-26 15:02:59"}
{"level":"info","message":"Fetched all residents","service":"user-service","timestamp":"2024-01-26 15:02:59"}
{"level":"info","message":"Fetched all barangay projects","service":"user-service","timestamp":"2024-01-26 15:02:59"}
{"level":"info","message":"Fetched all barangay projects","service":"user-service","timestamp":"2024-01-26 15:02:59"}
{"level":"info","message":"Fetched all barangay events","service":"user-service","timestamp":"2024-01-26 15:03:00"}
{"level":"info","message":"Fetched all barangay events","service":"user-service","timestamp":"2024-01-26 15:03:00"}
{"level":"info","message":"Fetched all barangay officials","service":"user-service","timestamp":"2024-01-26 15:03:00"}
{"level":"info","message":"Fetched all barangay officials","service":"user-service","timestamp":"2024-01-26 15:03:00"}
{"level":"info","message":"Fetched all residents","service":"user-service","timestamp":"2024-01-26 15:03:01"}
{"level":"info","message":"Fetched all residents","service":"user-service","timestamp":"2024-01-26 15:03:01"}
{"level":"info","message":"Fetched all users","service":"user-service","timestamp":"2024-01-26 15:03:01"}
{"level":"info","message":"Fetched all users","service":"user-service","timestamp":"2024-01-26 15:03:01"}
{"level":"info","message":"Fetched all users","service":"user-service","timestamp":"2024-01-26 15:03:02"}
{"level":"info","message":"Fetched all users","service":"user-service","timestamp":"2024-01-26 15:03:02"}
{"level":"info","message":"Fetched all residents","service":"user-service","timestamp":"2024-01-26 15:03:03"}
{"level":"info","message":"Fetched all residents","service":"user-service","timestamp":"2024-01-26 15:03:03"}
{"level":"info","message":"Fetched all barangay officials","service":"user-service","timestamp":"2024-01-26 15:03:03"}
{"level":"info","message":"Fetched all barangay officials","service":"user-service","timestamp":"2024-01-26 15:03:03"}
{"level":"info","message":"Fetched all barangay projects","service":"user-service","timestamp":"2024-01-26 15:03:04"}
{"level":"info","message":"Fetched all barangay projects","service":"user-service","timestamp":"2024-01-26 15:03:04"}
{"level":"info","message":"Fetched all barangay events","service":"user-service","timestamp":"2024-01-26 15:03:04"}
{"level":"info","message":"Fetched all barangay events","service":"user-service","timestamp":"2024-01-26 15:03:04"}
{"level":"info","message":"Fetched all users","service":"user-service","timestamp":"2024-01-26 15:19:01"}
{"level":"info","message":"Fetched all users","service":"user-service","timestamp":"2024-01-26 15:19:01"}
{"level":"info","message":"Fetched all residents","service":"user-service","timestamp":"2024-01-26 15:19:01"}
{"level":"info","message":"Fetched all residents","service":"user-service","timestamp":"2024-01-26 15:19:01"}
{"level":"info","message":"Fetched all barangay officials","service":"user-service","timestamp":"2024-01-26 15:19:02"}
{"level":"info","message":"Fetched all barangay officials","service":"user-service","timestamp":"2024-01-26 15:19:02"}
{"level":"info","message":"Fetched all barangay events","service":"user-service","timestamp":"2024-01-26 15:19:04"}
{"level":"info","message":"Fetched all barangay events","service":"user-service","timestamp":"2024-01-26 15:19:04"}
{"level":"info","message":"Fetched all barangay projects","service":"user-service","timestamp":"2024-01-26 15:19:04"}
{"level":"info","message":"Fetched all barangay projects","service":"user-service","timestamp":"2024-01-26 15:19:04"}
{"level":"info","message":"Fetched all barangay officials","service":"user-service","timestamp":"2024-01-26 15:19:05"}
{"level":"info","message":"Fetched all barangay officials","service":"user-service","timestamp":"2024-01-26 15:19:05"}
{"level":"info","message":"Fetched all residents","service":"user-service","timestamp":"2024-01-26 15:19:05"}
{"level":"info","message":"Fetched all residents","service":"user-service","timestamp":"2024-01-26 15:19:05"}
{"level":"info","message":"Fetched all users","service":"user-service","timestamp":"2024-01-26 15:19:06"}
{"level":"info","message":"Fetched all users","service":"user-service","timestamp":"2024-01-26 15:19:06"}
{"level":"info","message":"Fetched all users","service":"user-service","timestamp":"2024-01-26 15:19:11"}
{"level":"info","message":"Fetched all users","service":"user-service","timestamp":"2024-01-26 15:19:11"}
{"level":"info","message":"Fetched all users","service":"user-service","timestamp":"2024-01-26 15:22:09"}
{"level":"info","message":"Fetched all users","service":"user-service","timestamp":"2024-01-26 15:22:09"}
{"level":"info","message":"Fetched all users","service":"user-service","timestamp":"2024-01-26 15:22:32"}
{"level":"info","message":"Fetched all users","service":"user-service","timestamp":"2024-01-26 15:22:39"}
{"level":"info","message":"Fetched all users","service":"user-service","timestamp":"2024-01-26 15:23:02"}
{"level":"info","message":"Fetched all users","service":"user-service","timestamp":"2024-01-26 15:23:02"}
{"level":"info","message":"Fetched all residents","service":"user-service","timestamp":"2024-01-26 15:23:35"}
{"level":"info","message":"Fetched all residents","service":"user-service","timestamp":"2024-01-26 15:23:35"}
{"level":"info","message":"Fetched all users","service":"user-service","timestamp":"2024-01-26 15:24:31"}
{"level":"info","message":"Fetched all users","service":"user-service","timestamp":"2024-01-26 15:24:31"}
{"level":"info","message":"Fetched all users","service":"user-service","timestamp":"2024-01-26 15:28:40"}
{"level":"info","message":"Fetched all users","service":"user-service","timestamp":"2024-01-26 15:28:40"}
{"level":"info","message":"Fetched all users","service":"user-service","timestamp":"2024-01-26 15:30:53"}
{"level":"info","message":"Fetched all users","service":"user-service","timestamp":"2024-01-26 15:30:55"}
{"level":"info","message":"Fetched all users","service":"user-service","timestamp":"2024-01-26 15:31:05"}
{"level":"info","message":"Fetched all users","service":"user-service","timestamp":"2024-01-26 15:31:20"}
{"level":"info","message":"Fetched all users","service":"user-service","timestamp":"2024-01-26 15:31:23"}
{"level":"info","message":"Fetched all users","service":"user-service","timestamp":"2024-01-26 15:31:23"}
{"level":"info","message":"Fetched all residents","service":"user-service","timestamp":"2024-01-26 15:32:47"}
{"level":"info","message":"Fetched all residents","service":"user-service","timestamp":"2024-01-26 15:32:47"}
{"level":"info","message":"Fetched all residents","service":"user-service","timestamp":"2024-01-26 15:33:11"}
{"level":"info","message":"Fetched all residents","service":"user-service","timestamp":"2024-01-26 15:33:18"}
{"level":"info","message":"Fetched all residents","service":"user-service","timestamp":"2024-01-26 15:36:16"}
{"level":"info","message":"Fetched all residents","service":"user-service","timestamp":"2024-01-26 15:36:20"}
{"level":"info","message":"Fetched all users","service":"user-service","timestamp":"2024-01-26 15:36:55"}
{"level":"info","message":"Fetched all users","service":"user-service","timestamp":"2024-01-26 15:36:55"}
{"level":"info","message":"Fetched all residents","service":"user-service","timestamp":"2024-01-26 15:37:18"}
{"level":"info","message":"Fetched all residents","service":"user-service","timestamp":"2024-01-26 15:37:18"}
{"level":"info","message":"Fetched all residents","service":"user-service","timestamp":"2024-01-26 15:37:56"}
{"level":"info","message":"Fetched all residents","service":"user-service","timestamp":"2024-01-26 15:37:56"}
{"level":"info","message":"Fetched all users","service":"user-service","timestamp":"2024-01-26 15:37:58"}
{"level":"info","message":"Fetched all users","service":"user-service","timestamp":"2024-01-26 15:37:58"}
{"level":"info","message":"Fetched all residents","service":"user-service","timestamp":"2024-01-26 15:38:16"}
{"level":"info","message":"Fetched all residents","service":"user-service","timestamp":"2024-01-26 15:38:16"}
{"level":"info","message":"Fetched all users","service":"user-service","timestamp":"2024-01-26 15:39:12"}
{"level":"info","message":"Fetched all users","service":"user-service","timestamp":"2024-01-26 15:39:12"}
{"level":"info","message":"Fetched all residents","service":"user-service","timestamp":"2024-01-26 15:39:16"}
{"level":"info","message":"Fetched all residents","service":"user-service","timestamp":"2024-01-26 15:39:16"}
{"level":"info","message":"Fetched all users","service":"user-service","timestamp":"2024-01-26 15:39:19"}
{"level":"info","message":"Fetched all users","service":"user-service","timestamp":"2024-01-26 15:39:19"}
{"level":"info","message":"Fetched all residents","service":"user-service","timestamp":"2024-01-26 15:39:33"}
{"level":"info","message":"Fetched all residents","service":"user-service","timestamp":"2024-01-26 15:39:33"}
{"level":"info","message":"Fetched all users","service":"user-service","timestamp":"2024-01-26 15:39:33"}
{"level":"info","message":"Fetched all users","service":"user-service","timestamp":"2024-01-26 15:39:33"}
{"level":"info","message":"Fetched all users","service":"user-service","timestamp":"2024-01-26 15:39:35"}
{"level":"info","message":"Fetched all users","service":"user-service","timestamp":"2024-01-26 15:39:35"}
{"level":"info","message":"Fetched all residents","service":"user-service","timestamp":"2024-01-26 15:39:36"}
{"level":"info","message":"Fetched all residents","service":"user-service","timestamp":"2024-01-26 15:39:36"}
{"level":"info","message":"Fetched all users","service":"user-service","timestamp":"2024-01-26 15:39:40"}
{"level":"info","message":"Fetched all users","service":"user-service","timestamp":"2024-01-26 15:39:40"}
{"level":"info","message":"Fetched all residents","service":"user-service","timestamp":"2024-01-26 15:39:43"}
{"level":"info","message":"Fetched all residents","service":"user-service","timestamp":"2024-01-26 15:39:43"}
{"level":"info","message":"Fetched all residents","service":"user-service","timestamp":"2024-01-26 15:40:05"}
{"level":"info","message":"Fetched all residents","service":"user-service","timestamp":"2024-01-26 15:40:05"}
{"level":"info","message":"Fetched all users","service":"user-service","timestamp":"2024-01-26 15:41:51"}
{"level":"info","message":"Fetched all users","service":"user-service","timestamp":"2024-01-26 15:41:51"}
{"level":"info","message":"Fetched all residents","service":"user-service","timestamp":"2024-01-26 15:42:39"}
{"level":"info","message":"Fetched all residents","service":"user-service","timestamp":"2024-01-26 15:42:39"}
{"level":"info","message":"Fetched all users","service":"user-service","timestamp":"2024-01-26 15:44:04"}
{"level":"info","message":"Fetched all users","service":"user-service","timestamp":"2024-01-26 15:44:04"}
{"level":"info","message":"Fetched all users","service":"user-service","timestamp":"2024-01-26 15:44:20"}
{"level":"info","message":"Fetched all users","service":"user-service","timestamp":"2024-01-26 15:44:20"}
{"level":"info","message":"Fetched all residents","service":"user-service","timestamp":"2024-01-26 15:44:26"}
{"level":"info","message":"Fetched all residents","service":"user-service","timestamp":"2024-01-26 15:44:26"}
{"level":"info","message":"Fetched all users","service":"user-service","timestamp":"2024-01-26 15:47:12"}
{"level":"info","message":"Fetched all users","service":"user-service","timestamp":"2024-01-26 15:47:12"}
{"level":"info","message":"Fetched all residents","service":"user-service","timestamp":"2024-01-26 15:47:13"}
{"level":"info","message":"Fetched all residents","service":"user-service","timestamp":"2024-01-26 15:47:13"}
{"level":"info","message":"Fetched all barangay officials","service":"user-service","timestamp":"2024-01-26 15:47:14"}
{"level":"info","message":"Fetched all barangay officials","service":"user-service","timestamp":"2024-01-26 15:47:14"}
{"level":"info","message":"Fetched all residents","service":"user-service","timestamp":"2024-01-26 15:47:14"}
{"level":"info","message":"Fetched all residents","service":"user-service","timestamp":"2024-01-26 15:47:14"}
{"level":"info","message":"Fetched all users","service":"user-service","timestamp":"2024-01-26 15:47:15"}
{"level":"info","message":"Fetched all users","service":"user-service","timestamp":"2024-01-26 15:47:15"}
{"level":"info","message":"Fetched all users","service":"user-service","timestamp":"2024-01-26 15:47:17"}
{"level":"info","message":"Fetched all users","service":"user-service","timestamp":"2024-01-26 15:47:17"}
{"level":"info","message":"Fetched all users","service":"user-service","timestamp":"2024-01-26 15:47:18"}
{"level":"info","message":"Fetched all users","service":"user-service","timestamp":"2024-01-26 15:47:18"}
{"level":"info","message":"Fetched all residents","service":"user-service","timestamp":"2024-01-26 15:47:19"}
{"level":"info","message":"Fetched all residents","service":"user-service","timestamp":"2024-01-26 15:47:19"}
{"level":"info","message":"Fetched all barangay officials","service":"user-service","timestamp":"2024-01-26 15:47:19"}
{"level":"info","message":"Fetched all barangay officials","service":"user-service","timestamp":"2024-01-26 15:47:19"}
{"level":"info","message":"Fetched all users","service":"user-service","timestamp":"2024-01-26 15:47:20"}
{"level":"info","message":"Fetched all users","service":"user-service","timestamp":"2024-01-26 15:47:20"}
{"level":"info","message":"Fetched all users","service":"user-service","timestamp":"2024-01-26 15:47:21"}
{"level":"info","message":"Fetched all users","service":"user-service","timestamp":"2024-01-26 15:47:21"}
{"level":"info","message":"Fetched all residents","service":"user-service","timestamp":"2024-01-26 15:47:21"}
{"level":"info","message":"Fetched all residents","service":"user-service","timestamp":"2024-01-26 15:47:21"}
{"level":"info","message":"Fetched all barangay officials","service":"user-service","timestamp":"2024-01-26 15:47:22"}
{"level":"info","message":"Fetched all barangay officials","service":"user-service","timestamp":"2024-01-26 15:47:22"}
{"level":"info","message":"Fetched all residents","service":"user-service","timestamp":"2024-01-26 15:47:22"}
{"level":"info","message":"Fetched all residents","service":"user-service","timestamp":"2024-01-26 15:47:22"}
{"level":"info","message":"Fetched all barangay officials","service":"user-service","timestamp":"2024-01-26 15:50:03"}
{"level":"info","message":"Fetched all barangay officials","service":"user-service","timestamp":"2024-01-26 15:50:03"}
{"level":"info","message":"Fetched all residents","service":"user-service","timestamp":"2024-01-26 15:50:04"}
{"level":"info","message":"Fetched all residents","service":"user-service","timestamp":"2024-01-26 15:50:04"}
{"level":"info","message":"Fetched all users","service":"user-service","timestamp":"2024-01-26 15:50:04"}
{"level":"info","message":"Fetched all users","service":"user-service","timestamp":"2024-01-26 15:50:04"}
{"level":"info","message":"Fetched all barangay events","service":"user-service","timestamp":"2024-01-26 15:50:06"}
{"level":"info","message":"Fetched all barangay events","service":"user-service","timestamp":"2024-01-26 15:50:06"}
{"level":"info","message":"Fetched all barangay projects","service":"user-service","timestamp":"2024-01-26 15:50:07"}
{"level":"info","message":"Fetched all barangay projects","service":"user-service","timestamp":"2024-01-26 15:50:07"}
{"level":"info","message":"Fetched all barangay officials","service":"user-service","timestamp":"2024-01-26 15:50:07"}
{"level":"info","message":"Fetched all barangay officials","service":"user-service","timestamp":"2024-01-26 15:50:07"}
{"level":"info","message":"Fetched all residents","service":"user-service","timestamp":"2024-01-26 15:50:09"}
{"level":"info","message":"Fetched all residents","service":"user-service","timestamp":"2024-01-26 15:50:09"}
{"level":"info","message":"Fetched all users","service":"user-service","timestamp":"2024-01-26 15:50:09"}
{"level":"info","message":"Fetched all users","service":"user-service","timestamp":"2024-01-26 15:50:09"}
{"level":"info","message":"Fetched all users","service":"user-service","timestamp":"2024-01-26 15:50:27"}
{"level":"info","message":"Fetched all users","service":"user-service","timestamp":"2024-01-26 15:50:27"}
{"level":"info","message":"Fetched all residents","service":"user-service","timestamp":"2024-01-26 15:50:28"}
{"level":"info","message":"Fetched all residents","service":"user-service","timestamp":"2024-01-26 15:50:28"}
{"level":"info","message":"Fetched all barangay officials","service":"user-service","timestamp":"2024-01-26 15:50:28"}
{"level":"info","message":"Fetched all barangay officials","service":"user-service","timestamp":"2024-01-26 15:50:28"}
{"level":"info","message":"Fetched all barangay projects","service":"user-service","timestamp":"2024-01-26 15:50:29"}
{"level":"info","message":"Fetched all barangay projects","service":"user-service","timestamp":"2024-01-26 15:50:29"}
{"level":"info","message":"Fetched all barangay events","service":"user-service","timestamp":"2024-01-26 15:50:29"}
{"level":"info","message":"Fetched all barangay events","service":"user-service","timestamp":"2024-01-26 15:50:29"}
{"level":"info","message":"Fetched all users","service":"user-service","timestamp":"2024-01-26 16:26:31"}
{"level":"info","message":"Fetched all barangay officials","service":"user-service","timestamp":"2024-01-26 16:26:31"}
{"level":"info","message":"Fetched all residents","service":"user-service","timestamp":"2024-01-26 16:26:31"}
{"level":"info","message":"Fetched all users","service":"user-service","timestamp":"2024-01-26 16:26:31"}
{"level":"info","message":"Fetched all barangay officials","service":"user-service","timestamp":"2024-01-26 16:26:31"}
{"level":"info","message":"Fetched all residents","service":"user-service","timestamp":"2024-01-26 16:26:31"}
{"level":"info","message":"Fetched all barangay projects","service":"user-service","timestamp":"2024-01-26 16:26:31"}
{"level":"info","message":"Fetched all barangay projects","service":"user-service","timestamp":"2024-01-26 16:26:31"}
{"level":"info","message":"Fetched all barangay events","service":"user-service","timestamp":"2024-01-26 16:26:32"}
{"level":"info","message":"Fetched all barangay events","service":"user-service","timestamp":"2024-01-26 16:26:32"}
{"level":"info","message":"Fetched all users","service":"user-service","timestamp":"2024-01-26 17:04:31"}
{"level":"info","message":"Fetched all users","service":"user-service","timestamp":"2024-01-26 17:04:31"}
{"level":"info","message":"Fetched all users","service":"user-service","timestamp":"2024-01-26 17:05:08"}
{"level":"info","message":"Fetched all users","service":"user-service","timestamp":"2024-01-26 17:05:08"}
{"level":"info","message":"Fetched all users","service":"user-service","timestamp":"2024-01-26 17:06:55"}
{"level":"info","message":"Fetched all users","service":"user-service","timestamp":"2024-01-26 17:09:56"}
{"level":"info","message":"Fetched all users","service":"user-service","timestamp":"2024-01-26 17:09:56"}
{"level":"info","message":"Fetched all users","service":"user-service","timestamp":"2024-01-26 17:10:59"}
{"level":"info","message":"Fetched all users","service":"user-service","timestamp":"2024-01-26 17:10:59"}
{"level":"info","message":"Fetched all users","service":"user-service","timestamp":"2024-01-26 17:12:55"}
{"level":"info","message":"Fetched all users","service":"user-service","timestamp":"2024-01-26 17:12:55"}
{"level":"info","message":"Fetched all users","service":"user-service","timestamp":"2024-01-26 17:13:08"}
{"level":"info","message":"Fetched all users","service":"user-service","timestamp":"2024-01-26 17:13:08"}
{"level":"info","message":"Fetched all users","service":"user-service","timestamp":"2024-01-26 17:13:15"}
{"level":"info","message":"Fetched all users","service":"user-service","timestamp":"2024-01-26 17:13:15"}
{"level":"info","message":"Fetched all users","service":"user-service","timestamp":"2024-01-26 17:13:19"}
{"level":"info","message":"Fetched all users","service":"user-service","timestamp":"2024-01-26 17:13:19"}
{"level":"info","message":"Fetched all users","service":"user-service","timestamp":"2024-01-26 17:16:50"}
{"level":"info","message":"Fetched all users","service":"user-service","timestamp":"2024-01-26 17:17:12"}
{"level":"info","message":"Fetched all users","service":"user-service","timestamp":"2024-01-26 17:17:12"}
{"level":"info","message":"Fetched all residents","service":"user-service","timestamp":"2024-01-26 17:17:15"}
{"level":"info","message":"Fetched all residents","service":"user-service","timestamp":"2024-01-26 17:17:15"}
{"level":"info","message":"Fetched all residents","service":"user-service","timestamp":"2024-01-26 17:17:51"}
{"level":"info","message":"Fetched all residents","service":"user-service","timestamp":"2024-01-26 17:17:52"}
{"level":"info","message":"Fetched all residents","service":"user-service","timestamp":"2024-01-26 17:18:00"}
{"level":"info","message":"Fetched all residents","service":"user-service","timestamp":"2024-01-26 17:18:04"}
{"level":"info","message":"Fetched all residents","service":"user-service","timestamp":"2024-01-26 17:18:06"}
{"level":"info","message":"Fetched all residents","service":"user-service","timestamp":"2024-01-26 17:18:07"}
{"level":"info","message":"Fetched all residents","service":"user-service","timestamp":"2024-01-26 17:18:21"}
{"level":"info","message":"Fetched all residents","service":"user-service","timestamp":"2024-01-26 17:18:25"}
{"level":"info","message":"Fetched all residents","service":"user-service","timestamp":"2024-01-26 17:18:36"}
{"level":"info","message":"Fetched all residents","service":"user-service","timestamp":"2024-01-26 17:18:40"}
{"level":"info","message":"Fetched all users","service":"user-service","timestamp":"2024-01-26 17:20:23"}
{"level":"info","message":"Fetched all users","service":"user-service","timestamp":"2024-01-26 17:20:23"}
{"level":"info","message":"Fetched all residents","service":"user-service","timestamp":"2024-01-26 17:20:26"}
{"level":"info","message":"Fetched all residents","service":"user-service","timestamp":"2024-01-26 17:20:26"}
{"level":"info","message":"Fetched all users","service":"user-service","timestamp":"2024-01-26 17:20:29"}
{"level":"info","message":"Fetched all users","service":"user-service","timestamp":"2024-01-26 17:20:29"}
{"level":"info","message":"Fetched all residents","service":"user-service","timestamp":"2024-01-26 17:22:29"}
{"level":"info","message":"Fetched all residents","service":"user-service","timestamp":"2024-01-26 17:22:29"}
{"level":"info","message":"Fetched all users","service":"user-service","timestamp":"2024-01-26 17:24:22"}
{"level":"info","message":"Fetched all users","service":"user-service","timestamp":"2024-01-26 17:24:22"}
{"level":"info","message":"Fetched all users","service":"user-service","timestamp":"2024-01-26 17:24:26"}
{"level":"info","message":"Fetched all users","service":"user-service","timestamp":"2024-01-26 17:24:33"}
{"level":"info","message":"Fetched all users","service":"user-service","timestamp":"2024-01-26 17:24:33"}
{"level":"info","message":"Fetched all users","service":"user-service","timestamp":"2024-01-26 17:24:41"}
{"level":"info","message":"Fetched all users","service":"user-service","timestamp":"2024-01-26 17:24:41"}
{"level":"info","message":"Fetched all users","service":"user-service","timestamp":"2024-01-26 17:24:45"}
{"level":"info","message":"Fetched all users","service":"user-service","timestamp":"2024-01-26 17:24:45"}
{"level":"info","message":"Fetched all residents","service":"user-service","timestamp":"2024-01-26 17:24:49"}
{"level":"info","message":"Fetched all residents","service":"user-service","timestamp":"2024-01-26 17:24:49"}
{"level":"info","message":"Fetched all users","service":"user-service","timestamp":"2024-01-26 17:29:31"}
{"level":"info","message":"Fetched all users","service":"user-service","timestamp":"2024-01-26 17:29:31"}
{"level":"info","message":"Fetched all users","service":"user-service","timestamp":"2024-01-26 17:29:35"}
{"level":"info","message":"Fetched all users","service":"user-service","timestamp":"2024-01-26 17:29:35"}
{"level":"info","message":"Fetched all users","service":"user-service","timestamp":"2024-01-26 17:29:40"}
{"level":"info","message":"Fetched all users","service":"user-service","timestamp":"2024-01-26 17:29:40"}
{"level":"info","message":"Fetched all residents","service":"user-service","timestamp":"2024-01-26 17:29:45"}
{"level":"info","message":"Fetched all residents","service":"user-service","timestamp":"2024-01-26 17:29:45"}
{"level":"info","message":"Fetched all residents","service":"user-service","timestamp":"2024-01-26 17:31:36"}
{"level":"info","message":"Fetched all residents","service":"user-service","timestamp":"2024-01-26 17:31:36"}
{"level":"info","message":"Fetched all residents","service":"user-service","timestamp":"2024-01-26 17:31:45"}
{"level":"info","message":"Fetched all residents","service":"user-service","timestamp":"2024-01-26 17:31:45"}
{"level":"info","message":"Fetched all residents","service":"user-service","timestamp":"2024-01-26 17:31:53"}
{"level":"info","message":"Fetched all residents","service":"user-service","timestamp":"2024-01-26 17:31:53"}
{"level":"info","message":"Fetched all residents","service":"user-service","timestamp":"2024-01-26 17:32:03"}
{"level":"info","message":"Fetched all residents","service":"user-service","timestamp":"2024-01-26 17:32:03"}
{"level":"info","message":"Fetched all residents","service":"user-service","timestamp":"2024-01-26 17:32:16"}
{"level":"info","message":"Fetched all residents","service":"user-service","timestamp":"2024-01-26 17:32:16"}
{"level":"info","message":"Fetched all residents","service":"user-service","timestamp":"2024-01-26 17:32:20"}
{"level":"info","message":"Fetched all barangay officials","service":"user-service","timestamp":"2024-01-26 17:32:24"}
{"level":"info","message":"Fetched all barangay officials","service":"user-service","timestamp":"2024-01-26 17:32:24"}
{"level":"info","message":"Fetched all barangay officials","service":"user-service","timestamp":"2024-01-26 17:34:42"}
{"level":"info","message":"Fetched all barangay officials","service":"user-service","timestamp":"2024-01-26 17:34:42"}
{"level":"info","message":"Fetched all residents","service":"user-service","timestamp":"2024-01-26 17:34:49"}
{"level":"info","message":"Fetched all residents","service":"user-service","timestamp":"2024-01-26 17:34:49"}
{"level":"info","message":"Fetched all barangay officials","service":"user-service","timestamp":"2024-01-26 17:34:50"}
{"level":"info","message":"Fetched all barangay officials","service":"user-service","timestamp":"2024-01-26 17:34:51"}
{"level":"info","message":"Fetched all users","service":"user-service","timestamp":"2024-01-26 17:35:11"}
{"level":"info","message":"Fetched all users","service":"user-service","timestamp":"2024-01-26 17:35:11"}
{"level":"info","message":"Fetched all residents","service":"user-service","timestamp":"2024-01-26 17:35:14"}
{"level":"info","message":"Fetched all residents","service":"user-service","timestamp":"2024-01-26 17:35:14"}
{"level":"info","message":"Fetched all barangay officials","service":"user-service","timestamp":"2024-01-26 17:35:15"}
{"level":"info","message":"Fetched all barangay officials","service":"user-service","timestamp":"2024-01-26 17:35:15"}
{"level":"info","message":"Fetched all barangay officials","service":"user-service","timestamp":"2024-01-26 17:40:55"}
{"level":"info","message":"Fetched all barangay officials","service":"user-service","timestamp":"2024-01-26 17:40:55"}
{"level":"info","message":"Fetched all residents","service":"user-service","timestamp":"2024-01-26 17:40:56"}
{"level":"info","message":"Fetched all residents","service":"user-service","timestamp":"2024-01-26 17:40:56"}
{"level":"info","message":"Fetched all users","service":"user-service","timestamp":"2024-01-26 17:40:59"}
{"level":"info","message":"Fetched all users","service":"user-service","timestamp":"2024-01-26 17:40:59"}
{"level":"info","message":"Fetched all residents","service":"user-service","timestamp":"2024-01-26 17:40:59"}
{"level":"info","message":"Fetched all residents","service":"user-service","timestamp":"2024-01-26 17:40:59"}
{"level":"info","message":"Fetched all barangay officials","service":"user-service","timestamp":"2024-01-26 17:41:00"}
{"level":"info","message":"Fetched all barangay officials","service":"user-service","timestamp":"2024-01-26 17:41:00"}
{"level":"info","message":"Fetched all barangay projects","service":"user-service","timestamp":"2024-01-26 17:41:00"}
{"level":"info","message":"Fetched all barangay projects","service":"user-service","timestamp":"2024-01-26 17:41:00"}
{"level":"info","message":"Fetched all barangay events","service":"user-service","timestamp":"2024-01-26 17:41:01"}
{"level":"info","message":"Fetched all barangay events","service":"user-service","timestamp":"2024-01-26 17:41:01"}
{"level":"info","message":"Fetched all barangay projects","service":"user-service","timestamp":"2024-01-26 17:41:02"}
{"level":"info","message":"Fetched all barangay projects","service":"user-service","timestamp":"2024-01-26 17:41:02"}
{"level":"info","message":"Fetched all barangay officials","service":"user-service","timestamp":"2024-01-26 17:41:03"}
{"level":"info","message":"Fetched all barangay officials","service":"user-service","timestamp":"2024-01-26 17:41:03"}
{"level":"info","message":"Fetched all barangay officials","service":"user-service","timestamp":"2024-01-26 18:20:12"}
{"level":"info","message":"Fetched all barangay officials","service":"user-service","timestamp":"2024-01-26 18:20:12"}
{"level":"info","message":"Fetched all barangay officials","service":"user-service","timestamp":"2024-01-26 18:20:22"}
{"level":"info","message":"Fetched all barangay officials","service":"user-service","timestamp":"2024-01-26 18:20:22"}
{"level":"info","message":"Fetched all barangay officials","service":"user-service","timestamp":"2024-01-26 18:20:28"}
{"level":"info","message":"Fetched all barangay officials","service":"user-service","timestamp":"2024-01-26 18:20:28"}
{"level":"info","message":"Fetched all users","service":"user-service","timestamp":"2024-01-26 18:31:12"}
{"level":"info","message":"Fetched all users","service":"user-service","timestamp":"2024-01-26 18:31:12"}
{"level":"info","message":"Fetched all residents","service":"user-service","timestamp":"2024-01-26 18:31:17"}
{"level":"info","message":"Fetched all residents","service":"user-service","timestamp":"2024-01-26 18:31:17"}
{"level":"info","message":"Fetched all users","service":"user-service","timestamp":"2024-01-26 18:31:18"}
{"level":"info","message":"Fetched all users","service":"user-service","timestamp":"2024-01-26 18:31:18"}
{"level":"info","message":"Fetched all residents","service":"user-service","timestamp":"2024-01-26 18:31:20"}
{"level":"info","message":"Fetched all residents","service":"user-service","timestamp":"2024-01-26 18:31:20"}
{"level":"info","message":"Fetched all users","service":"user-service","timestamp":"2024-01-26 18:31:21"}
{"level":"info","message":"Fetched all users","service":"user-service","timestamp":"2024-01-26 18:31:21"}
{"level":"info","message":"Fetched all barangay officials","service":"user-service","timestamp":"2024-01-26 18:31:21"}
{"level":"info","message":"Fetched all barangay officials","service":"user-service","timestamp":"2024-01-26 18:31:21"}
{"level":"info","message":"Fetched all residents","service":"user-service","timestamp":"2024-01-26 18:31:29"}
{"level":"info","message":"Fetched all residents","service":"user-service","timestamp":"2024-01-26 18:31:29"}
{"level":"info","message":"Fetched all users","service":"user-service","timestamp":"2024-01-26 18:31:33"}
{"level":"info","message":"Fetched all users","service":"user-service","timestamp":"2024-01-26 18:31:33"}
{"level":"info","message":"Fetched all residents","service":"user-service","timestamp":"2024-01-26 18:31:33"}
{"level":"info","message":"Fetched all residents","service":"user-service","timestamp":"2024-01-26 18:31:33"}
{"level":"info","message":"Fetched all barangay officials","service":"user-service","timestamp":"2024-01-26 18:31:34"}
{"level":"info","message":"Fetched all barangay officials","service":"user-service","timestamp":"2024-01-26 18:31:35"}
{"level":"info","message":"Fetched all barangay officials","service":"user-service","timestamp":"2024-01-26 18:31:38"}
{"level":"info","message":"Fetched all barangay officials","service":"user-service","timestamp":"2024-01-26 18:31:38"}
{"level":"info","message":"Fetched all barangay officials","service":"user-service","timestamp":"2024-01-26 18:41:24"}
{"level":"info","message":"Fetched all barangay officials","service":"user-service","timestamp":"2024-01-26 18:41:24"}
{"level":"info","message":"Fetched all barangay officials","service":"user-service","timestamp":"2024-01-26 18:41:30"}
{"level":"info","message":"Fetched all barangay officials","service":"user-service","timestamp":"2024-01-26 18:41:30"}
{"level":"info","message":"Fetched all barangay officials","service":"user-service","timestamp":"2024-01-26 18:41:38"}
{"level":"info","message":"Fetched all barangay officials","service":"user-service","timestamp":"2024-01-26 18:41:38"}
{"level":"info","message":"Fetched all barangay projects","service":"user-service","timestamp":"2024-01-26 18:44:15"}
{"level":"info","message":"Fetched all barangay projects","service":"user-service","timestamp":"2024-01-26 18:44:15"}
{"level":"info","message":"Fetched all barangay projects","service":"user-service","timestamp":"2024-01-26 18:44:21"}
{"level":"info","message":"Fetched all barangay projects","service":"user-service","timestamp":"2024-01-26 18:44:21"}
{"level":"info","message":"Fetched all barangay projects","service":"user-service","timestamp":"2024-01-26 18:47:59"}
{"level":"info","message":"Fetched all barangay projects","service":"user-service","timestamp":"2024-01-26 18:47:59"}
{"level":"info","message":"Fetched all barangay projects","service":"user-service","timestamp":"2024-01-26 18:48:05"}
{"level":"info","message":"Fetched all barangay projects","service":"user-service","timestamp":"2024-01-26 18:48:05"}
{"level":"info","message":"Fetched all residents","service":"user-service","timestamp":"2024-01-26 18:48:09"}
{"level":"info","message":"Fetched all residents","service":"user-service","timestamp":"2024-01-26 18:48:09"}
{"level":"info","message":"Fetched all users","service":"user-service","timestamp":"2024-01-26 18:48:14"}
{"level":"info","message":"Fetched all users","service":"user-service","timestamp":"2024-01-26 18:48:14"}
{"level":"info","message":"Fetched all residents","service":"user-service","timestamp":"2024-01-26 18:48:15"}
{"level":"info","message":"Fetched all residents","service":"user-service","timestamp":"2024-01-26 18:48:15"}
{"level":"info","message":"Fetched all barangay officials","service":"user-service","timestamp":"2024-01-26 18:48:18"}
{"level":"info","message":"Fetched all barangay officials","service":"user-service","timestamp":"2024-01-26 18:48:18"}
{"level":"info","message":"Fetched all barangay officials","service":"user-service","timestamp":"2024-01-26 18:48:25"}
{"level":"info","message":"Fetched all barangay officials","service":"user-service","timestamp":"2024-01-26 18:48:25"}
{"level":"info","message":"Fetched all barangay officials","service":"user-service","timestamp":"2024-01-26 18:52:52"}
{"level":"info","message":"Fetched all barangay officials","service":"user-service","timestamp":"2024-01-26 18:52:52"}
{"level":"info","message":"Fetched all users","service":"user-service","timestamp":"2024-01-26 18:52:58"}
{"level":"info","message":"Fetched all users","service":"user-service","timestamp":"2024-01-26 18:52:58"}
{"level":"info","message":"Fetched all residents","service":"user-service","timestamp":"2024-01-26 18:53:01"}
{"level":"info","message":"Fetched all residents","service":"user-service","timestamp":"2024-01-26 18:53:01"}
{"level":"info","message":"Fetched all barangay officials","service":"user-service","timestamp":"2024-01-26 18:53:03"}
{"level":"info","message":"Fetched all barangay officials","service":"user-service","timestamp":"2024-01-26 18:53:03"}
{"level":"info","message":"Fetched all barangay projects","service":"user-service","timestamp":"2024-01-26 18:53:05"}
{"level":"info","message":"Fetched all barangay projects","service":"user-service","timestamp":"2024-01-26 18:53:05"}
{"level":"info","message":"Fetched all barangay projects","service":"user-service","timestamp":"2024-01-26 18:53:09"}
{"level":"info","message":"Fetched all barangay projects","service":"user-service","timestamp":"2024-01-26 18:53:09"}
{"level":"info","message":"Fetched all barangay projects","service":"user-service","timestamp":"2024-01-26 18:53:15"}
{"level":"info","message":"Fetched all barangay projects","service":"user-service","timestamp":"2024-01-26 18:53:15"}
{"level":"info","message":"Fetched all barangay events","service":"user-service","timestamp":"2024-01-26 18:53:20"}
{"level":"info","message":"Fetched all barangay events","service":"user-service","timestamp":"2024-01-26 18:53:20"}
{"level":"info","message":"Fetched all barangay events","service":"user-service","timestamp":"2024-01-26 18:55:03"}
{"level":"info","message":"Fetched all barangay events","service":"user-service","timestamp":"2024-01-26 18:55:04"}
{"level":"info","message":"Fetched all barangay events","service":"user-service","timestamp":"2024-01-26 18:55:14"}
{"level":"info","message":"Fetched all barangay events","service":"user-service","timestamp":"2024-01-26 18:55:14"}
{"level":"info","message":"Fetched all barangay events","service":"user-service","timestamp":"2024-01-26 19:04:26"}
{"level":"info","message":"Fetched all barangay events","service":"user-service","timestamp":"2024-01-26 19:04:26"}
{"level":"info","message":"Fetched all barangay events","service":"user-service","timestamp":"2024-01-26 19:04:32"}
{"level":"info","message":"Fetched all barangay events","service":"user-service","timestamp":"2024-01-26 19:04:32"}
{"level":"info","message":"Fetched all barangay events","service":"user-service","timestamp":"2024-01-26 19:04:40"}
{"level":"info","message":"Fetched all barangay events","service":"user-service","timestamp":"2024-01-26 19:04:40"}
{"level":"info","message":"Fetched all barangay events","service":"user-service","timestamp":"2024-01-26 19:04:52"}
{"level":"info","message":"Fetched all barangay events","service":"user-service","timestamp":"2024-01-26 19:04:52"}
{"level":"info","message":"Fetched all users","service":"user-service","timestamp":"2024-01-26 19:07:32"}
{"level":"info","message":"Fetched all users","service":"user-service","timestamp":"2024-01-26 19:07:32"}
{"level":"info","message":"Fetched all users","service":"user-service","timestamp":"2024-01-26 19:07:40"}
{"level":"info","message":"Fetched all users","service":"user-service","timestamp":"2024-01-26 20:02:12"}
{"level":"info","message":"Fetched all users","service":"user-service","timestamp":"2024-01-26 20:02:12"}
{"level":"info","message":"Fetched all users","service":"user-service","timestamp":"2024-01-26 20:02:25"}
{"level":"info","message":"Fetched all users","service":"user-service","timestamp":"2024-01-26 20:02:25"}
{"level":"info","message":"Fetched all residents","service":"user-service","timestamp":"2024-01-26 20:02:33"}
{"level":"info","message":"Fetched all residents","service":"user-service","timestamp":"2024-01-26 20:02:33"}
{"level":"info","message":"Fetched all barangay officials","service":"user-service","timestamp":"2024-01-26 20:02:37"}
{"level":"info","message":"Fetched all barangay officials","service":"user-service","timestamp":"2024-01-26 20:02:37"}
{"level":"info","message":"Fetched all barangay projects","service":"user-service","timestamp":"2024-01-26 20:02:39"}
{"level":"info","message":"Fetched all barangay projects","service":"user-service","timestamp":"2024-01-26 20:02:39"}
{"level":"info","message":"Fetched all barangay events","service":"user-service","timestamp":"2024-01-26 20:02:43"}
{"level":"info","message":"Fetched all barangay events","service":"user-service","timestamp":"2024-01-26 20:02:43"}
{"level":"info","message":"Fetched all barangay officials","service":"user-service","timestamp":"2024-01-26 20:02:46"}
{"level":"info","message":"Fetched all barangay officials","service":"user-service","timestamp":"2024-01-26 20:02:46"}
{"level":"info","message":"Fetched all barangay projects","service":"user-service","timestamp":"2024-01-26 20:02:49"}
{"level":"info","message":"Fetched all barangay projects","service":"user-service","timestamp":"2024-01-26 20:02:49"}
